<?xml version="1.0" encoding="UTF-8"?>
<!-- Generated by org.testng.reporters.JUnitXMLReporter -->
<testsuite hostname="Ankurs-MacBook-Pro.local" ignored="1" name="Default test" tests="3" failures="0" timestamp="08 May 2020 16:53:24 GMT" time="4.752" errors="0">
  <testcase name="f" time="3.819" classname="test.BookTest"/>
  <testcase name="f" time="0.417" classname="test.BookTest"/>
  <testcase name="f" time="0.414" classname="test.BookTest"/>
  <testcase name="f2" time="0.0" classname="test.BookTest">
    <ignored/>
  </testcase> <!-- f2 -->
</testsuite> <!-- Default test -->
