<?xml version="1.0" encoding="UTF-8"?>
<testng-results skipped="0" failed="0" ignored="1" total="4" passed="3">
  <reporter-output>
  </reporter-output>
  <suite name="Default suite" duration-ms="4752" started-at="2020-05-08T16:53:19Z" finished-at="2020-05-08T16:53:24Z">
    <groups>
    </groups>
    <test name="Default test" duration-ms="4752" started-at="2020-05-08T16:53:19Z" finished-at="2020-05-08T16:53:24Z">
      <class name="test.BookTest">
        <test-method status="PASS" signature="f(java.lang.String, java.lang.String)[pri:0, instance:test.BookTest@55f3ddb1]" name="f" duration-ms="3819" started-at="2020-05-08T22:23:19Z" data-provider="BooksData" finished-at="2020-05-08T22:23:23Z">
          <params>
            <param index="0">
              <value>
                <![CDATA[chckh]]>
              </value>
            </param>
            <param index="1">
              <value>
                <![CDATA[1989]]>
              </value>
            </param>
          </params>
          <reporter-output>
          </reporter-output>
        </test-method> <!-- f -->
        <test-method status="PASS" signature="f(java.lang.String, java.lang.String)[pri:0, instance:test.BookTest@55f3ddb1]" name="f" duration-ms="417" started-at="2020-05-08T22:23:23Z" data-provider="BooksData" finished-at="2020-05-08T22:23:24Z">
          <params>
            <param index="0">
              <value>
                <![CDATA[te]]>
              </value>
            </param>
            <param index="1">
              <value>
                <![CDATA[2222]]>
              </value>
            </param>
          </params>
          <reporter-output>
          </reporter-output>
        </test-method> <!-- f -->
        <test-method status="PASS" signature="f(java.lang.String, java.lang.String)[pri:0, instance:test.BookTest@55f3ddb1]" name="f" duration-ms="414" started-at="2020-05-08T22:23:24Z" data-provider="BooksData" finished-at="2020-05-08T22:23:24Z">
          <params>
            <param index="0">
              <value>
                <![CDATA[ch]]>
              </value>
            </param>
            <param index="1">
              <value>
                <![CDATA[3333]]>
              </value>
            </param>
          </params>
          <reporter-output>
          </reporter-output>
        </test-method> <!-- f -->
      </class> <!-- test.BookTest -->
    </test> <!-- Default test -->
  </suite> <!-- Default suite -->
</testng-results>
